::1 - - [30/Oct/2018:16:05:29 +0530] "GET /mailApi.py HTTP/1.1" 500 801 "-" "Mozilla/5.0 (X11; Linux x86_64) AppleWebKit/537.36 (KHTML, like Gecko) Chrome/69.0.3497.100 Safari/537.36"
::1 - - [30/Oct/2018:16:07:00 +0530] "GET /mailApi.py HTTP/1.1" 500 801 "-" "Mozilla/5.0 (X11; Linux x86_64) AppleWebKit/537.36 (KHTML, like Gecko) Chrome/69.0.3497.100 Safari/537.36"
::1 - - [30/Oct/2018:16:07:11 +0530] "GET /mailApi.py HTTP/1.1" 500 801 "-" "Mozilla/5.0 (X11; Linux x86_64) AppleWebKit/537.36 (KHTML, like Gecko) Chrome/69.0.3497.100 Safari/537.36"
::1 - - [30/Oct/2018:16:07:23 +0530] "GET / HTTP/1.1" 500 801 "-" "Mozilla/5.0 (X11; Linux x86_64) AppleWebKit/537.36 (KHTML, like Gecko) Chrome/69.0.3497.100 Safari/537.36"
::1 - - [30/Oct/2018:16:07:31 +0530] "GET /mailApi.py HTTP/1.1" 500 801 "-" "Mozilla/5.0 (X11; Linux x86_64) AppleWebKit/537.36 (KHTML, like Gecko) Chrome/69.0.3497.100 Safari/537.36"
::1 - - [30/Oct/2018:16:08:21 +0530] "GET /mailApi.py HTTP/1.1" 500 801 "-" "Mozilla/5.0 (X11; Linux x86_64) AppleWebKit/537.36 (KHTML, like Gecko) Chrome/69.0.3497.100 Safari/537.36"
::1 - - [30/Oct/2018:16:10:15 +0530] "GET /mailApi.py HTTP/1.1" 500 801 "-" "Mozilla/5.0 (X11; Linux x86_64) AppleWebKit/537.36 (KHTML, like Gecko) Chrome/69.0.3497.100 Safari/537.36"
::1 - - [30/Oct/2018:16:15:54 +0530] "GET /mailApi.py HTTP/1.1" 500 801 "-" "Mozilla/5.0 (X11; Linux x86_64) AppleWebKit/537.36 (KHTML, like Gecko) Chrome/69.0.3497.100 Safari/537.36"
::1 - - [30/Oct/2018:16:15:59 +0530] "GET /mailApi.py HTTP/1.1" 500 801 "-" "Mozilla/5.0 (X11; Linux x86_64) AppleWebKit/537.36 (KHTML, like Gecko) Chrome/69.0.3497.100 Safari/537.36"
::1 - - [30/Oct/2018:16:15:59 +0530] "GET /favicon.ico HTTP/1.1" 404 503 "http://localhost:1890/mailApi.py" "Mozilla/5.0 (X11; Linux x86_64) AppleWebKit/537.36 (KHTML, like Gecko) Chrome/69.0.3497.100 Safari/537.36"
::1 - - [30/Oct/2018:16:16:00 +0530] "GET /mailApi.py HTTP/1.1" 500 801 "-" "Mozilla/5.0 (X11; Linux x86_64) AppleWebKit/537.36 (KHTML, like Gecko) Chrome/69.0.3497.100 Safari/537.36"
::1 - - [30/Oct/2018:16:16:01 +0530] "GET /favicon.ico HTTP/1.1" 404 503 "http://localhost:1890/mailApi.py" "Mozilla/5.0 (X11; Linux x86_64) AppleWebKit/537.36 (KHTML, like Gecko) Chrome/69.0.3497.100 Safari/537.36"
::1 - - [30/Oct/2018:16:16:01 +0530] "GET /mailApi.py HTTP/1.1" 500 801 "-" "Mozilla/5.0 (X11; Linux x86_64) AppleWebKit/537.36 (KHTML, like Gecko) Chrome/69.0.3497.100 Safari/537.36"
::1 - - [30/Oct/2018:16:16:01 +0530] "GET /robots.txt HTTP/1.1" 404 502 "-" "Mozilla/5.0 (X11; Linux x86_64) AppleWebKit/537.36 (KHTML, like Gecko) Chrome/69.0.3497.100 Safari/537.36"
::1 - - [30/Oct/2018:16:16:01 +0530] "GET /favicon.ico HTTP/1.1" 404 502 "http://localhost:1890/mailApi.py" "Mozilla/5.0 (X11; Linux x86_64) AppleWebKit/537.36 (KHTML, like Gecko) Chrome/69.0.3497.100 Safari/537.36"
::1 - - [30/Oct/2018:16:16:01 +0530] "GET /mailApi.py HTTP/1.1" 500 801 "-" "Mozilla/5.0 (X11; Linux x86_64) AppleWebKit/537.36 (KHTML, like Gecko) Chrome/69.0.3497.100 Safari/537.36"
::1 - - [30/Oct/2018:16:16:01 +0530] "GET /favicon.ico HTTP/1.1" 404 503 "http://localhost:1890/mailApi.py" "Mozilla/5.0 (X11; Linux x86_64) AppleWebKit/537.36 (KHTML, like Gecko) Chrome/69.0.3497.100 Safari/537.36"
::1 - - [30/Oct/2018:16:16:01 +0530] "GET /mailApi.py HTTP/1.1" 500 801 "-" "Mozilla/5.0 (X11; Linux x86_64) AppleWebKit/537.36 (KHTML, like Gecko) Chrome/69.0.3497.100 Safari/537.36"
::1 - - [30/Oct/2018:16:16:01 +0530] "GET /favicon.ico HTTP/1.1" 404 503 "http://localhost:1890/mailApi.py" "Mozilla/5.0 (X11; Linux x86_64) AppleWebKit/537.36 (KHTML, like Gecko) Chrome/69.0.3497.100 Safari/537.36"
127.0.0.1 - - [30/Oct/2018:16:16:26 +0530] "GET /mailApi.py HTTP/1.1" 500 801 "-" "curl/7.47.0"
::1 - - [30/Oct/2018:16:19:01 +0530] "GET /mailApi.py HTTP/1.1" 500 801 "-" "Mozilla/5.0 (X11; Linux x86_64) AppleWebKit/537.36 (KHTML, like Gecko) Chrome/69.0.3497.100 Safari/537.36"
::1 - - [30/Oct/2018:16:20:38 +0530] "GET /hello.py HTTP/1.1" 500 801 "-" "Mozilla/5.0 (X11; Linux x86_64) AppleWebKit/537.36 (KHTML, like Gecko) Chrome/69.0.3497.100 Safari/537.36"
::1 - - [30/Oct/2018:16:21:23 +0530] "GET /hello.py HTTP/1.1" 500 801 "-" "Mozilla/5.0 (X11; Linux x86_64) AppleWebKit/537.36 (KHTML, like Gecko) Chrome/69.0.3497.100 Safari/537.36"
::1 - - [30/Oct/2018:16:23:21 +0530] "GET /hello.py HTTP/1.1" 500 801 "-" "Mozilla/5.0 (X11; Linux x86_64) AppleWebKit/537.36 (KHTML, like Gecko) Chrome/69.0.3497.100 Safari/537.36"
::1 - - [30/Oct/2018:16:23:21 +0530] "GET /favicon.ico HTTP/1.1" 404 503 "http://localhost:1890/hello.py" "Mozilla/5.0 (X11; Linux x86_64) AppleWebKit/537.36 (KHTML, like Gecko) Chrome/69.0.3497.100 Safari/537.36"
::1 - - [30/Oct/2018:16:23:22 +0530] "GET /hello.py HTTP/1.1" 500 801 "-" "Mozilla/5.0 (X11; Linux x86_64) AppleWebKit/537.36 (KHTML, like Gecko) Chrome/69.0.3497.100 Safari/537.36"
::1 - - [30/Oct/2018:16:23:22 +0530] "GET /favicon.ico HTTP/1.1" 404 503 "http://localhost:1890/hello.py" "Mozilla/5.0 (X11; Linux x86_64) AppleWebKit/537.36 (KHTML, like Gecko) Chrome/69.0.3497.100 Safari/537.36"
::1 - - [30/Oct/2018:16:23:22 +0530] "GET /hello.py HTTP/1.1" 500 801 "-" "Mozilla/5.0 (X11; Linux x86_64) AppleWebKit/537.36 (KHTML, like Gecko) Chrome/69.0.3497.100 Safari/537.36"
::1 - - [30/Oct/2018:16:23:22 +0530] "GET /favicon.ico HTTP/1.1" 404 503 "http://localhost:1890/hello.py" "Mozilla/5.0 (X11; Linux x86_64) AppleWebKit/537.36 (KHTML, like Gecko) Chrome/69.0.3497.100 Safari/537.36"
::1 - - [30/Oct/2018:16:23:22 +0530] "GET /hello.py HTTP/1.1" 500 801 "-" "Mozilla/5.0 (X11; Linux x86_64) AppleWebKit/537.36 (KHTML, like Gecko) Chrome/69.0.3497.100 Safari/537.36"
::1 - - [30/Oct/2018:16:23:22 +0530] "GET /favicon.ico HTTP/1.1" 404 503 "http://localhost:1890/hello.py" "Mozilla/5.0 (X11; Linux x86_64) AppleWebKit/537.36 (KHTML, like Gecko) Chrome/69.0.3497.100 Safari/537.36"
::1 - - [30/Oct/2018:16:23:22 +0530] "GET /hello.py HTTP/1.1" 500 801 "-" "Mozilla/5.0 (X11; Linux x86_64) AppleWebKit/537.36 (KHTML, like Gecko) Chrome/69.0.3497.100 Safari/537.36"
::1 - - [30/Oct/2018:16:23:22 +0530] "GET /favicon.ico HTTP/1.1" 404 503 "http://localhost:1890/hello.py" "Mozilla/5.0 (X11; Linux x86_64) AppleWebKit/537.36 (KHTML, like Gecko) Chrome/69.0.3497.100 Safari/537.36"
::1 - - [30/Oct/2018:16:23:22 +0530] "GET /hello.py HTTP/1.1" 500 801 "-" "Mozilla/5.0 (X11; Linux x86_64) AppleWebKit/537.36 (KHTML, like Gecko) Chrome/69.0.3497.100 Safari/537.36"
::1 - - [30/Oct/2018:16:23:23 +0530] "GET /favicon.ico HTTP/1.1" 404 503 "http://localhost:1890/hello.py" "Mozilla/5.0 (X11; Linux x86_64) AppleWebKit/537.36 (KHTML, like Gecko) Chrome/69.0.3497.100 Safari/537.36"
::1 - - [30/Oct/2018:16:23:23 +0530] "GET /hello.py HTTP/1.1" 500 801 "-" "Mozilla/5.0 (X11; Linux x86_64) AppleWebKit/537.36 (KHTML, like Gecko) Chrome/69.0.3497.100 Safari/537.36"
::1 - - [30/Oct/2018:16:23:23 +0530] "GET /hello.py HTTP/1.1" 500 801 "-" "Mozilla/5.0 (X11; Linux x86_64) AppleWebKit/537.36 (KHTML, like Gecko) Chrome/69.0.3497.100 Safari/537.36"
::1 - - [30/Oct/2018:16:23:23 +0530] "GET /favicon.ico HTTP/1.1" 404 503 "http://localhost:1890/hello.py" "Mozilla/5.0 (X11; Linux x86_64) AppleWebKit/537.36 (KHTML, like Gecko) Chrome/69.0.3497.100 Safari/537.36"
::1 - - [30/Oct/2018:16:23:23 +0530] "GET /hello.py HTTP/1.1" 500 801 "-" "Mozilla/5.0 (X11; Linux x86_64) AppleWebKit/537.36 (KHTML, like Gecko) Chrome/69.0.3497.100 Safari/537.36"
::1 - - [30/Oct/2018:16:23:23 +0530] "GET /favicon.ico HTTP/1.1" 404 503 "http://localhost:1890/hello.py" "Mozilla/5.0 (X11; Linux x86_64) AppleWebKit/537.36 (KHTML, like Gecko) Chrome/69.0.3497.100 Safari/537.36"
::1 - - [30/Oct/2018:16:23:28 +0530] "GET / HTTP/1.1" 500 801 "-" "Mozilla/5.0 (X11; Linux x86_64) AppleWebKit/537.36 (KHTML, like Gecko) Chrome/69.0.3497.100 Safari/537.36"
::1 - - [30/Oct/2018:16:23:56 +0530] "GET / HTTP/1.1" 500 801 "-" "Mozilla/5.0 (X11; Linux x86_64) AppleWebKit/537.36 (KHTML, like Gecko) Chrome/69.0.3497.100 Safari/537.36"
::1 - - [30/Oct/2018:16:24:42 +0530] "GET / HTTP/1.1" 500 801 "-" "Mozilla/5.0 (X11; Linux x86_64) AppleWebKit/537.36 (KHTML, like Gecko) Chrome/69.0.3497.100 Safari/537.36"
::1 - - [30/Oct/2018:16:24:43 +0530] "GET / HTTP/1.1" 500 801 "-" "Mozilla/5.0 (X11; Linux x86_64) AppleWebKit/537.36 (KHTML, like Gecko) Chrome/69.0.3497.100 Safari/537.36"
::1 - - [30/Oct/2018:16:24:43 +0530] "GET / HTTP/1.1" 500 801 "-" "Mozilla/5.0 (X11; Linux x86_64) AppleWebKit/537.36 (KHTML, like Gecko) Chrome/69.0.3497.100 Safari/537.36"
::1 - - [30/Oct/2018:16:24:43 +0530] "GET / HTTP/1.1" 500 801 "-" "Mozilla/5.0 (X11; Linux x86_64) AppleWebKit/537.36 (KHTML, like Gecko) Chrome/69.0.3497.100 Safari/537.36"
::1 - - [30/Oct/2018:16:25:46 +0530] "GET / HTTP/1.1" 500 801 "-" "Mozilla/5.0 (X11; Linux x86_64) AppleWebKit/537.36 (KHTML, like Gecko) Chrome/69.0.3497.100 Safari/537.36"
::1 - - [30/Oct/2018:16:25:46 +0530] "GET /favicon.ico HTTP/1.1" 404 503 "http://localhost:1890/" "Mozilla/5.0 (X11; Linux x86_64) AppleWebKit/537.36 (KHTML, like Gecko) Chrome/69.0.3497.100 Safari/537.36"
::1 - - [30/Oct/2018:16:25:46 +0530] "GET /robots.txt HTTP/1.1" 404 502 "-" "Mozilla/5.0 (X11; Linux x86_64) AppleWebKit/537.36 (KHTML, like Gecko) Chrome/69.0.3497.100 Safari/537.36"
::1 - - [30/Oct/2018:16:25:46 +0530] "GET / HTTP/1.1" 500 801 "-" "Mozilla/5.0 (X11; Linux x86_64) AppleWebKit/537.36 (KHTML, like Gecko) Chrome/69.0.3497.100 Safari/537.36"
::1 - - [30/Oct/2018:16:25:46 +0530] "GET /favicon.ico HTTP/1.1" 404 502 "http://localhost:1890/" "Mozilla/5.0 (X11; Linux x86_64) AppleWebKit/537.36 (KHTML, like Gecko) Chrome/69.0.3497.100 Safari/537.36"
::1 - - [30/Oct/2018:16:25:46 +0530] "GET / HTTP/1.1" 500 801 "-" "Mozilla/5.0 (X11; Linux x86_64) AppleWebKit/537.36 (KHTML, like Gecko) Chrome/69.0.3497.100 Safari/537.36"
::1 - - [30/Oct/2018:16:25:46 +0530] "GET /favicon.ico HTTP/1.1" 404 503 "http://localhost:1890/" "Mozilla/5.0 (X11; Linux x86_64) AppleWebKit/537.36 (KHTML, like Gecko) Chrome/69.0.3497.100 Safari/537.36"
::1 - - [30/Oct/2018:16:25:46 +0530] "GET / HTTP/1.1" 500 801 "-" "Mozilla/5.0 (X11; Linux x86_64) AppleWebKit/537.36 (KHTML, like Gecko) Chrome/69.0.3497.100 Safari/537.36"
::1 - - [30/Oct/2018:16:25:47 +0530] "GET /favicon.ico HTTP/1.1" 404 503 "http://localhost:1890/" "Mozilla/5.0 (X11; Linux x86_64) AppleWebKit/537.36 (KHTML, like Gecko) Chrome/69.0.3497.100 Safari/537.36"
::1 - - [30/Oct/2018:16:27:57 +0530] "GET / HTTP/1.1" 500 801 "-" "Mozilla/5.0 (X11; Linux x86_64) AppleWebKit/537.36 (KHTML, like Gecko) Chrome/69.0.3497.100 Safari/537.36"
::1 - - [30/Oct/2018:16:28:26 +0530] "GET / HTTP/1.1" 500 801 "-" "Mozilla/5.0 (X11; Linux x86_64) AppleWebKit/537.36 (KHTML, like Gecko) Chrome/69.0.3497.100 Safari/537.36"
::1 - - [30/Oct/2018:16:29:09 +0530] "GET / HTTP/1.1" 500 801 "-" "Mozilla/5.0 (X11; Linux x86_64) AppleWebKit/537.36 (KHTML, like Gecko) Chrome/69.0.3497.100 Safari/537.36"
::1 - - [30/Oct/2018:16:29:33 +0530] "GET / HTTP/1.1" 500 801 "-" "Mozilla/5.0 (X11; Linux x86_64) AppleWebKit/537.36 (KHTML, like Gecko) Chrome/69.0.3497.100 Safari/537.36"
::1 - - [30/Oct/2018:16:29:58 +0530] "GET / HTTP/1.1" 500 801 "-" "Mozilla/5.0 (X11; Linux x86_64) AppleWebKit/537.36 (KHTML, like Gecko) Chrome/69.0.3497.100 Safari/537.36"
::1 - - [30/Oct/2018:16:31:09 +0530] "GET / HTTP/1.1" 500 801 "-" "Mozilla/5.0 (X11; Linux x86_64) AppleWebKit/537.36 (KHTML, like Gecko) Chrome/69.0.3497.100 Safari/537.36"
::1 - - [30/Oct/2018:16:31:18 +0530] "GET / HTTP/1.1" 500 801 "-" "Mozilla/5.0 (X11; Linux x86_64) AppleWebKit/537.36 (KHTML, like Gecko) Chrome/69.0.3497.100 Safari/537.36"
::1 - - [30/Oct/2018:16:31:19 +0530] "GET / HTTP/1.1" 500 801 "-" "Mozilla/5.0 (X11; Linux x86_64) AppleWebKit/537.36 (KHTML, like Gecko) Chrome/69.0.3497.100 Safari/537.36"
::1 - - [30/Oct/2018:16:31:19 +0530] "GET / HTTP/1.1" 500 801 "-" "Mozilla/5.0 (X11; Linux x86_64) AppleWebKit/537.36 (KHTML, like Gecko) Chrome/69.0.3497.100 Safari/537.36"
::1 - - [30/Oct/2018:16:31:19 +0530] "GET / HTTP/1.1" 500 801 "-" "Mozilla/5.0 (X11; Linux x86_64) AppleWebKit/537.36 (KHTML, like Gecko) Chrome/69.0.3497.100 Safari/537.36"
::1 - - [30/Oct/2018:16:31:47 +0530] "GET / HTTP/1.1" 500 801 "-" "Mozilla/5.0 (X11; Linux x86_64) AppleWebKit/537.36 (KHTML, like Gecko) Chrome/69.0.3497.100 Safari/537.36"
::1 - - [30/Oct/2018:16:35:05 +0530] "GET / HTTP/1.1" 500 801 "-" "Mozilla/5.0 (X11; Linux x86_64) AppleWebKit/537.36 (KHTML, like Gecko) Chrome/69.0.3497.100 Safari/537.36"
::1 - - [30/Oct/2018:16:35:19 +0530] "GET /hello.py HTTP/1.1" 500 801 "-" "Mozilla/5.0 (X11; Linux x86_64) AppleWebKit/537.36 (KHTML, like Gecko) Chrome/69.0.3497.100 Safari/537.36"
::1 - - [30/Oct/2018:16:35:31 +0530] "GET /mailApi.py HTTP/1.1" 500 801 "-" "Mozilla/5.0 (X11; Linux x86_64) AppleWebKit/537.36 (KHTML, like Gecko) Chrome/69.0.3497.100 Safari/537.36"
::1 - - [30/Oct/2018:16:37:47 +0530] "GET /mailApi.py HTTP/1.1" 500 801 "-" "Mozilla/5.0 (X11; Linux x86_64) AppleWebKit/537.36 (KHTML, like Gecko) Chrome/69.0.3497.100 Safari/537.36"
::1 - - [30/Oct/2018:16:39:02 +0530] "GET /mailApi.py HTTP/1.1" 500 801 "-" "Mozilla/5.0 (X11; Linux x86_64) AppleWebKit/537.36 (KHTML, like Gecko) Chrome/69.0.3497.100 Safari/537.36"
::1 - - [30/Oct/2018:16:39:30 +0530] "GET /mailApi.py HTTP/1.1" 500 801 "-" "Mozilla/5.0 (X11; Linux x86_64) AppleWebKit/537.36 (KHTML, like Gecko) Chrome/69.0.3497.100 Safari/537.36"
::1 - - [30/Oct/2018:16:39:30 +0530] "GET /robots.txt HTTP/1.1" 404 502 "-" "Mozilla/5.0 (X11; Linux x86_64) AppleWebKit/537.36 (KHTML, like Gecko) Chrome/69.0.3497.100 Safari/537.36"
::1 - - [30/Oct/2018:16:39:40 +0530] "GET /mailApi.py HTTP/1.1" 500 801 "-" "Mozilla/5.0 (X11; Linux x86_64) AppleWebKit/537.36 (KHTML, like Gecko) Chrome/69.0.3497.100 Safari/537.36"
::1 - - [30/Oct/2018:16:40:04 +0530] "GET / HTTP/1.1" 500 801 "-" "Mozilla/5.0 (X11; Linux x86_64) AppleWebKit/537.36 (KHTML, like Gecko) Chrome/69.0.3497.100 Safari/537.36"
::1 - - [30/Oct/2018:16:40:28 +0530] "GET / HTTP/1.1" 500 801 "-" "Mozilla/5.0 (X11; Linux x86_64) AppleWebKit/537.36 (KHTML, like Gecko) Chrome/69.0.3497.100 Safari/537.36"
::1 - - [30/Oct/2018:16:40:40 +0530] "GET / HTTP/1.1" 500 801 "-" "Mozilla/5.0 (X11; Linux x86_64) AppleWebKit/537.36 (KHTML, like Gecko) Chrome/69.0.3497.100 Safari/537.36"
::1 - - [30/Oct/2018:16:40:40 +0530] "GET / HTTP/1.1" 500 801 "-" "Mozilla/5.0 (X11; Linux x86_64) AppleWebKit/537.36 (KHTML, like Gecko) Chrome/69.0.3497.100 Safari/537.36"
::1 - - [30/Oct/2018:16:41:25 +0530] "GET /mailApi.py HTTP/1.1" 500 801 "-" "Mozilla/5.0 (X11; Linux x86_64) AppleWebKit/537.36 (KHTML, like Gecko) Chrome/69.0.3497.100 Safari/537.36"
::1 - - [30/Oct/2018:16:42:15 +0530] "GET /mailApi.py HTTP/1.1" 500 801 "-" "Mozilla/5.0 (X11; Linux x86_64) AppleWebKit/537.36 (KHTML, like Gecko) Chrome/69.0.3497.100 Safari/537.36"
::1 - - [30/Oct/2018:16:43:02 +0530] "GET /mailApi.py HTTP/1.1" 500 801 "-" "Mozilla/5.0 (X11; Linux x86_64) AppleWebKit/537.36 (KHTML, like Gecko) Chrome/69.0.3497.100 Safari/537.36"
::1 - - [30/Oct/2018:16:44:57 +0530] "GET /mailApi.py HTTP/1.1" 200 318 "-" "Mozilla/5.0 (X11; Linux x86_64) AppleWebKit/537.36 (KHTML, like Gecko) Chrome/69.0.3497.100 Safari/537.36"
::1 - - [30/Oct/2018:16:51:32 +0530] "GET /mailApi.py?data=shahi HTTP/1.1" 200 338 "-" "Mozilla/5.0 (X11; Linux x86_64) AppleWebKit/537.36 (KHTML, like Gecko) Chrome/69.0.3497.100 Safari/537.36"
::1 - - [30/Oct/2018:16:52:18 +0530] "GET /mailApi.py?data=shahi&email=shashi@mail.com HTTP/1.1" 200 338 "-" "Mozilla/5.0 (X11; Linux x86_64) AppleWebKit/537.36 (KHTML, like Gecko) Chrome/69.0.3497.100 Safari/537.36"
::1 - - [30/Oct/2018:16:52:47 +0530] "GET /mailApi.py?data=shahi&email=shashi@mail.com HTTP/1.1" 200 374 "-" "Mozilla/5.0 (X11; Linux x86_64) AppleWebKit/537.36 (KHTML, like Gecko) Chrome/69.0.3497.100 Safari/537.36"
::1 - - [30/Oct/2018:16:54:33 +0530] "POST /mailApi.py HTTP/1.1" 200 406 "-" "Mozilla/5.0 (X11; Linux x86_64) AppleWebKit/537.36 (KHTML, like Gecko) Chrome/69.0.3497.100 Safari/537.36"
::1 - - [30/Oct/2018:16:55:09 +0530] "POST /mailApi.py HTTP/1.1" 200 406 "-" "Mozilla/5.0 (X11; Linux x86_64) AppleWebKit/537.36 (KHTML, like Gecko) Chrome/69.0.3497.100 Safari/537.36"
::1 - - [30/Oct/2018:16:56:11 +0530] "POST /mailApi.py HTTP/1.1" 200 393 "-" "Mozilla/5.0 (X11; Linux x86_64) AppleWebKit/537.36 (KHTML, like Gecko) Chrome/69.0.3497.100 Safari/537.36"
::1 - - [30/Oct/2018:16:56:21 +0530] "POST /mailApi.py HTTP/1.1" 200 393 "-" "Mozilla/5.0 (X11; Linux x86_64) AppleWebKit/537.36 (KHTML, like Gecko) Chrome/69.0.3497.100 Safari/537.36"
::1 - - [30/Oct/2018:16:56:38 +0530] "POST /mailApi.py HTTP/1.1" 200 393 "-" "Mozilla/5.0 (X11; Linux x86_64) AppleWebKit/537.36 (KHTML, like Gecko) Chrome/69.0.3497.100 Safari/537.36"
::1 - - [30/Oct/2018:17:03:40 +0530] "GET /robots.txt HTTP/1.1" 404 502 "-" "Mozilla/5.0 (X11; Linux x86_64) AppleWebKit/537.36 (KHTML, like Gecko) Chrome/69.0.3497.100 Safari/537.36"
::1 - - [30/Oct/2018:17:03:40 +0530] "GET /mailApi.py HTTP/1.1" 500 801 "-" "Mozilla/5.0 (X11; Linux x86_64) AppleWebKit/537.36 (KHTML, like Gecko) Chrome/69.0.3497.100 Safari/537.36"
::1 - - [30/Oct/2018:17:03:43 +0530] "GET /mailApi.py HTTP/1.1" 500 801 "-" "Mozilla/5.0 (X11; Linux x86_64) AppleWebKit/537.36 (KHTML, like Gecko) Chrome/69.0.3497.100 Safari/537.36"
::1 - - [30/Oct/2018:17:04:08 +0530] "GET /mailApi.py HTTP/1.1" 500 801 "-" "Mozilla/5.0 (X11; Linux x86_64) AppleWebKit/537.36 (KHTML, like Gecko) Chrome/69.0.3497.100 Safari/537.36"
::1 - - [30/Oct/2018:17:07:23 +0530] "GET /mailApi.py HTTP/1.1" 500 801 "-" "Mozilla/5.0 (X11; Linux x86_64) AppleWebKit/537.36 (KHTML, like Gecko) Chrome/69.0.3497.100 Safari/537.36"
::1 - - [30/Oct/2018:17:07:23 +0530] "GET /favicon.ico HTTP/1.1" 404 503 "http://localhost:1890/mailApi.py" "Mozilla/5.0 (X11; Linux x86_64) AppleWebKit/537.36 (KHTML, like Gecko) Chrome/69.0.3497.100 Safari/537.36"
::1 - - [30/Oct/2018:17:09:43 +0530] "GET /mailApi.py HTTP/1.1" 500 801 "-" "Mozilla/5.0 (X11; Linux x86_64) AppleWebKit/537.36 (KHTML, like Gecko) Chrome/69.0.3497.100 Safari/537.36"
::1 - - [30/Oct/2018:17:15:27 +0530] "GET /robots.txt HTTP/1.1" 404 502 "-" "Mozilla/5.0 (X11; Linux x86_64) AppleWebKit/537.36 (KHTML, like Gecko) Chrome/69.0.3497.100 Safari/537.36"
::1 - - [30/Oct/2018:17:15:27 +0530] "GET /mailApi.py HTTP/1.1" 500 801 "-" "Mozilla/5.0 (X11; Linux x86_64) AppleWebKit/537.36 (KHTML, like Gecko) Chrome/69.0.3497.100 Safari/537.36"
::1 - - [30/Oct/2018:17:15:27 +0530] "GET /favicon.ico HTTP/1.1" 404 502 "http://localhost:1890/mailApi.py" "Mozilla/5.0 (X11; Linux x86_64) AppleWebKit/537.36 (KHTML, like Gecko) Chrome/69.0.3497.100 Safari/537.36"
::1 - - [30/Oct/2018:17:16:31 +0530] "GET /mailApi.py HTTP/1.1" 200 327 "-" "Mozilla/5.0 (X11; Linux x86_64) AppleWebKit/537.36 (KHTML, like Gecko) Chrome/69.0.3497.100 Safari/537.36"
::1 - - [30/Oct/2018:17:16:36 +0530] "GET /favicon.ico HTTP/1.1" 404 502 "http://localhost:1890/mailApi.py" "Mozilla/5.0 (X11; Linux x86_64) AppleWebKit/537.36 (KHTML, like Gecko) Chrome/69.0.3497.100 Safari/537.36"
::1 - - [30/Oct/2018:17:17:08 +0530] "GET /mailApi.py?url=http://www.google.com&email=shashi@gmail.com HTTP/1.1" 200 388 "-" "Mozilla/5.0 (X11; Linux x86_64) AppleWebKit/537.36 (KHTML, like Gecko) Chrome/69.0.3497.100 Safari/537.36"
::1 - - [30/Oct/2018:17:18:40 +0530] "GET /mailApi.py?url=http://www.google.com&email=shashi@gmail.com HTTP/1.1" 200 395 "-" "Mozilla/5.0 (X11; Linux x86_64) AppleWebKit/537.36 (KHTML, like Gecko) Chrome/69.0.3497.100 Safari/537.36"
::1 - - [30/Oct/2018:17:19:33 +0530] "GET /mailApi.py?url=http://www.google.com&email=shashi@gmail.com HTTP/1.1" 500 801 "-" "Mozilla/5.0 (X11; Linux x86_64) AppleWebKit/537.36 (KHTML, like Gecko) Chrome/69.0.3497.100 Safari/537.36"
::1 - - [30/Oct/2018:17:20:42 +0530] "GET /mailApi.py?url=http://www.google.com&email=shashi@gmail.com HTTP/1.1" 500 801 "-" "Mozilla/5.0 (X11; Linux x86_64) AppleWebKit/537.36 (KHTML, like Gecko) Chrome/69.0.3497.100 Safari/537.36"
::1 - - [30/Oct/2018:17:20:51 +0530] "GET /mailApi.py?url=http://www.google.com&email=shashi@gmail.com HTTP/1.1" 500 801 "-" "Mozilla/5.0 (X11; Linux x86_64) AppleWebKit/537.36 (KHTML, like Gecko) Chrome/69.0.3497.100 Safari/537.36"
::1 - - [30/Oct/2018:17:20:57 +0530] "GET /mailApi.py?url=http://www.google.com&email=shashi@gmail.com HTTP/1.1" 500 801 "-" "Mozilla/5.0 (X11; Linux x86_64) AppleWebKit/537.36 (KHTML, like Gecko) Chrome/69.0.3497.100 Safari/537.36"
::1 - - [30/Oct/2018:17:21:11 +0530] "GET /mailApi.py?url=http://www.google.com&email=shashi@gmail.com HTTP/1.1" 500 801 "-" "Mozilla/5.0 (X11; Linux x86_64) AppleWebKit/537.36 (KHTML, like Gecko) Chrome/69.0.3497.100 Safari/537.36"
::1 - - [30/Oct/2018:17:21:27 +0530] "GET /mailApi.py?url=http://www.google.com&email=shashi@gmail.com HTTP/1.1" 500 801 "-" "Mozilla/5.0 (X11; Linux x86_64) AppleWebKit/537.36 (KHTML, like Gecko) Chrome/69.0.3497.100 Safari/537.36"
::1 - - [30/Oct/2018:17:23:05 +0530] "GET /mailApi.py?url=http://www.google.com&email=shashi@gmail.com HTTP/1.1" 500 801 "-" "Mozilla/5.0 (X11; Linux x86_64) AppleWebKit/537.36 (KHTML, like Gecko) Chrome/69.0.3497.100 Safari/537.36"
::1 - - [30/Oct/2018:17:25:35 +0530] "GET /mailApi.py?url=http://www.google.com&email=shashi@gmail.com HTTP/1.1" 200 395 "-" "Mozilla/5.0 (X11; Linux x86_64) AppleWebKit/537.36 (KHTML, like Gecko) Chrome/69.0.3497.100 Safari/537.36"
::1 - - [30/Oct/2018:17:30:09 +0530] "POST /mailApi.py HTTP/1.1" 500 801 "-" "Mozilla/5.0 (X11; Linux x86_64) AppleWebKit/537.36 (KHTML, like Gecko) Chrome/69.0.3497.100 Safari/537.36"
::1 - - [30/Oct/2018:17:30:19 +0530] "GET /robots.txt HTTP/1.1" 404 502 "-" "Mozilla/5.0 (X11; Linux x86_64) AppleWebKit/537.36 (KHTML, like Gecko) Chrome/69.0.3497.100 Safari/537.36"
::1 - - [30/Oct/2018:17:30:19 +0530] "GET /mailApi.py?url=http://www.google.com&email=shashi@gmail.com HTTP/1.1" 200 395 "-" "Mozilla/5.0 (X11; Linux x86_64) AppleWebKit/537.36 (KHTML, like Gecko) Chrome/69.0.3497.100 Safari/537.36"
::1 - - [30/Oct/2018:17:33:06 +0530] "POST /mailApi.py HTTP/1.1" 500 801 "-" "Mozilla/5.0 (X11; Linux x86_64) AppleWebKit/537.36 (KHTML, like Gecko) Chrome/69.0.3497.100 Safari/537.36"
::1 - - [30/Oct/2018:17:33:40 +0530] "GET /mailApi.py HTTP/1.1" 500 801 "-" "Mozilla/5.0 (X11; Linux x86_64) AppleWebKit/537.36 (KHTML, like Gecko) Chrome/69.0.3497.100 Safari/537.36"
::1 - - [30/Oct/2018:17:38:16 +0530] "GET /mailApi.py HTTP/1.1" 200 327 "-" "Mozilla/5.0 (X11; Linux x86_64) AppleWebKit/537.36 (KHTML, like Gecko) Chrome/69.0.3497.100 Safari/537.36"
::1 - - [30/Oct/2018:17:38:20 +0530] "POST /mailApi.py HTTP/1.1" 200 408 "-" "Mozilla/5.0 (X11; Linux x86_64) AppleWebKit/537.36 (KHTML, like Gecko) Chrome/69.0.3497.100 Safari/537.36"
::1 - - [30/Oct/2018:17:39:16 +0530] "GET /mailApi.py HTTP/1.1" 500 801 "-" "Mozilla/5.0 (X11; Linux x86_64) AppleWebKit/537.36 (KHTML, like Gecko) Chrome/69.0.3497.100 Safari/537.36"
::1 - - [30/Oct/2018:17:40:58 +0530] "GET /mailApi.py HTTP/1.1" 200 320 "-" "Mozilla/5.0 (X11; Linux x86_64) AppleWebKit/537.36 (KHTML, like Gecko) Chrome/69.0.3497.100 Safari/537.36"
::1 - - [30/Oct/2018:17:41:27 +0530] "GET /mailApi.py HTTP/1.1" 200 320 "-" "Mozilla/5.0 (X11; Linux x86_64) AppleWebKit/537.36 (KHTML, like Gecko) Chrome/69.0.3497.100 Safari/537.36"
::1 - - [30/Oct/2018:17:41:43 +0530] "POST /mailApi.py HTTP/1.1" 200 400 "-" "Mozilla/5.0 (X11; Linux x86_64) AppleWebKit/537.36 (KHTML, like Gecko) Chrome/69.0.3497.100 Safari/537.36"
::1 - - [30/Oct/2018:17:42:48 +0530] "GET /mailApi.py HTTP/1.1" 200 330 "-" "Mozilla/5.0 (X11; Linux x86_64) AppleWebKit/537.36 (KHTML, like Gecko) Chrome/69.0.3497.100 Safari/537.36"
::1 - - [30/Oct/2018:17:42:58 +0530] "POST /mailApi.py HTTP/1.1" 200 400 "-" "Mozilla/5.0 (X11; Linux x86_64) AppleWebKit/537.36 (KHTML, like Gecko) Chrome/69.0.3497.100 Safari/537.36"
::1 - - [30/Oct/2018:17:45:29 +0530] "POST /mailApi.py HTTP/1.1" 200 400 "-" "Mozilla/5.0 (X11; Linux x86_64) AppleWebKit/537.36 (KHTML, like Gecko) Chrome/69.0.3497.100 Safari/537.36"
::1 - - [30/Oct/2018:17:45:52 +0530] "POST /mailApi.py HTTP/1.1" 200 241 "-" "Mozilla/5.0 (X11; Linux x86_64) AppleWebKit/537.36 (KHTML, like Gecko) Chrome/69.0.3497.100 Safari/537.36"
::1 - - [30/Oct/2018:17:47:33 +0530] "POST /mailApi.py HTTP/1.1" 500 801 "-" "Mozilla/5.0 (X11; Linux x86_64) AppleWebKit/537.36 (KHTML, like Gecko) Chrome/69.0.3497.100 Safari/537.36"
::1 - - [30/Oct/2018:17:47:38 +0530] "POST /mailApi.py HTTP/1.1" 500 801 "-" "Mozilla/5.0 (X11; Linux x86_64) AppleWebKit/537.36 (KHTML, like Gecko) Chrome/69.0.3497.100 Safari/537.36"
::1 - - [30/Oct/2018:17:48:13 +0530] "POST /mailApi.py HTTP/1.1" 500 801 "-" "Mozilla/5.0 (X11; Linux x86_64) AppleWebKit/537.36 (KHTML, like Gecko) Chrome/69.0.3497.100 Safari/537.36"
::1 - - [30/Oct/2018:17:48:30 +0530] "POST /mailApi.py HTTP/1.1" 500 801 "-" "Mozilla/5.0 (X11; Linux x86_64) AppleWebKit/537.36 (KHTML, like Gecko) Chrome/69.0.3497.100 Safari/537.36"
::1 - - [30/Oct/2018:17:48:57 +0530] "POST /mailApi.py HTTP/1.1" 200 387 "-" "Mozilla/5.0 (X11; Linux x86_64) AppleWebKit/537.36 (KHTML, like Gecko) Chrome/69.0.3497.100 Safari/537.36"
::1 - - [30/Oct/2018:17:49:42 +0530] "POST /mailApi.py HTTP/1.1" 500 801 "-" "Mozilla/5.0 (X11; Linux x86_64) AppleWebKit/537.36 (KHTML, like Gecko) Chrome/69.0.3497.100 Safari/537.36"
::1 - - [30/Oct/2018:17:50:13 +0530] "POST /mailApi.py HTTP/1.1" 200 408 "-" "Mozilla/5.0 (X11; Linux x86_64) AppleWebKit/537.36 (KHTML, like Gecko) Chrome/69.0.3497.100 Safari/537.36"
::1 - - [30/Oct/2018:17:51:42 +0530] "POST /mailApi.py HTTP/1.1" 200 413 "-" "Mozilla/5.0 (X11; Linux x86_64) AppleWebKit/537.36 (KHTML, like Gecko) Chrome/69.0.3497.100 Safari/537.36"
::1 - - [30/Oct/2018:17:52:20 +0530] "POST /mailApi.py HTTP/1.1" 200 241 "-" "Mozilla/5.0 (X11; Linux x86_64) AppleWebKit/537.36 (KHTML, like Gecko) Chrome/69.0.3497.100 Safari/537.36"
::1 - - [30/Oct/2018:17:52:56 +0530] "POST /mailApi.py HTTP/1.1" 200 305 "-" "Mozilla/5.0 (X11; Linux x86_64) AppleWebKit/537.36 (KHTML, like Gecko) Chrome/69.0.3497.100 Safari/537.36"
::1 - - [30/Oct/2018:17:53:12 +0530] "POST /mailApi.py HTTP/1.1" 200 327 "-" "Mozilla/5.0 (X11; Linux x86_64) AppleWebKit/537.36 (KHTML, like Gecko) Chrome/69.0.3497.100 Safari/537.36"
::1 - - [30/Oct/2018:17:53:21 +0530] "POST /mailApi.py HTTP/1.1" 200 408 "-" "Mozilla/5.0 (X11; Linux x86_64) AppleWebKit/537.36 (KHTML, like Gecko) Chrome/69.0.3497.100 Safari/537.36"
::1 - - [30/Oct/2018:17:53:38 +0530] "POST /mailApi.py HTTP/1.1" 200 384 "-" "Mozilla/5.0 (X11; Linux x86_64) AppleWebKit/537.36 (KHTML, like Gecko) Chrome/69.0.3497.100 Safari/537.36"
::1 - - [30/Oct/2018:17:54:00 +0530] "POST /mailApi.py HTTP/1.1" 200 387 "-" "Mozilla/5.0 (X11; Linux x86_64) AppleWebKit/537.36 (KHTML, like Gecko) Chrome/69.0.3497.100 Safari/537.36"
::1 - - [30/Oct/2018:17:54:49 +0530] "POST /mailApi.py HTTP/1.1" 200 241 "-" "Mozilla/5.0 (X11; Linux x86_64) AppleWebKit/537.36 (KHTML, like Gecko) Chrome/69.0.3497.100 Safari/537.36"
::1 - - [30/Oct/2018:17:55:03 +0530] "POST /mailApi.py HTTP/1.1" 200 387 "-" "Mozilla/5.0 (X11; Linux x86_64) AppleWebKit/537.36 (KHTML, like Gecko) Chrome/69.0.3497.100 Safari/537.36"
::1 - - [30/Oct/2018:17:55:17 +0530] "POST /mailApi.py HTTP/1.1" 200 241 "-" "Mozilla/5.0 (X11; Linux x86_64) AppleWebKit/537.36 (KHTML, like Gecko) Chrome/69.0.3497.100 Safari/537.36"
::1 - - [30/Oct/2018:17:55:31 +0530] "POST /mailApi.py HTTP/1.1" 200 387 "-" "Mozilla/5.0 (X11; Linux x86_64) AppleWebKit/537.36 (KHTML, like Gecko) Chrome/69.0.3497.100 Safari/537.36"
::1 - - [30/Oct/2018:17:57:31 +0530] "POST /mailApi.py HTTP/1.1" 200 323 "-" "Mozilla/5.0 (X11; Linux x86_64) AppleWebKit/537.36 (KHTML, like Gecko) Chrome/69.0.3497.100 Safari/537.36"
::1 - - [30/Oct/2018:17:57:57 +0530] "POST /mailApi.py HTTP/1.1" 200 369 "-" "Mozilla/5.0 (X11; Linux x86_64) AppleWebKit/537.36 (KHTML, like Gecko) Chrome/69.0.3497.100 Safari/537.36"
::1 - - [30/Oct/2018:18:00:37 +0530] "POST /mailApi.py HTTP/1.1" 200 371 "-" "Mozilla/5.0 (X11; Linux x86_64) AppleWebKit/537.36 (KHTML, like Gecko) Chrome/69.0.3497.100 Safari/537.36"
::1 - - [30/Oct/2018:18:01:28 +0530] "POST /mailApi.py HTTP/1.1" 200 399 "-" "Mozilla/5.0 (X11; Linux x86_64) AppleWebKit/537.36 (KHTML, like Gecko) Chrome/69.0.3497.100 Safari/537.36"
::1 - - [30/Oct/2018:18:02:12 +0530] "GET /robots.txt HTTP/1.1" 404 502 "-" "Mozilla/5.0 (X11; Linux x86_64) AppleWebKit/537.36 (KHTML, like Gecko) Chrome/69.0.3497.100 Safari/537.36"
::1 - - [30/Oct/2018:18:02:12 +0530] "GET /mailApi.py HTTP/1.1" 500 801 "-" "Mozilla/5.0 (X11; Linux x86_64) AppleWebKit/537.36 (KHTML, like Gecko) Chrome/69.0.3497.100 Safari/537.36"
::1 - - [30/Oct/2018:18:02:15 +0530] "GET /mailApi.py HTTP/1.1" 500 801 "-" "Mozilla/5.0 (X11; Linux x86_64) AppleWebKit/537.36 (KHTML, like Gecko) Chrome/69.0.3497.100 Safari/537.36"
::1 - - [30/Oct/2018:18:02:24 +0530] "GET /mailApi.py HTTP/1.1" 500 801 "-" "Mozilla/5.0 (X11; Linux x86_64) AppleWebKit/537.36 (KHTML, like Gecko) Chrome/69.0.3497.100 Safari/537.36"
::1 - - [30/Oct/2018:18:02:51 +0530] "POST /mailApi.py HTTP/1.1" 200 331 "-" "Mozilla/5.0 (X11; Linux x86_64) AppleWebKit/537.36 (KHTML, like Gecko) Chrome/69.0.3497.100 Safari/537.36"
::1 - - [30/Oct/2018:18:11:06 +0530] "POST /mailApi.py HTTP/1.1" 200 331 "-" "Mozilla/5.0 (X11; Linux x86_64) AppleWebKit/537.36 (KHTML, like Gecko) Chrome/69.0.3497.100 Safari/537.36"
::1 - - [30/Oct/2018:18:13:00 +0530] "POST /mailApi.py HTTP/1.1" 500 801 "-" "Mozilla/5.0 (X11; Linux x86_64) AppleWebKit/537.36 (KHTML, like Gecko) Chrome/69.0.3497.100 Safari/537.36"
::1 - - [30/Oct/2018:18:13:41 +0530] "POST /mailApi.py HTTP/1.1" 200 331 "-" "Mozilla/5.0 (X11; Linux x86_64) AppleWebKit/537.36 (KHTML, like Gecko) Chrome/69.0.3497.100 Safari/537.36"
::1 - - [30/Oct/2018:18:16:41 +0530] "POST /mailApi.py HTTP/1.1" 200 331 "-" "Mozilla/5.0 (X11; Linux x86_64) AppleWebKit/537.36 (KHTML, like Gecko) Chrome/69.0.3497.100 Safari/537.36"
::1 - - [02/Nov/2018:10:55:50 +0530] "POST /mailApi.py HTTP/1.1" 200 331 "-" "Mozilla/5.0 (X11; Linux x86_64) AppleWebKit/537.36 (KHTML, like Gecko) Chrome/70.0.3538.77 Safari/537.36"
::1 - - [02/Nov/2018:10:56:04 +0530] "POST /mailApi.py HTTP/1.1" 200 330 "-" "Mozilla/5.0 (X11; Linux x86_64) AppleWebKit/537.36 (KHTML, like Gecko) Chrome/70.0.3538.77 Safari/537.36"
::1 - - [02/Nov/2018:11:12:11 +0530] "POST /mailApi.py HTTP/1.1" 200 331 "-" "Mozilla/5.0 (X11; Linux x86_64) AppleWebKit/537.36 (KHTML, like Gecko) Chrome/70.0.3538.77 Safari/537.36"
::1 - - [02/Nov/2018:11:13:24 +0530] "POST /mailApi.py HTTP/1.1" 200 331 "-" "Mozilla/5.0 (X11; Linux x86_64) AppleWebKit/537.36 (KHTML, like Gecko) Chrome/70.0.3538.77 Safari/537.36"
::1 - - [02/Nov/2018:11:26:55 +0530] "POST /mailApi.py HTTP/1.1" 500 801 "-" "Mozilla/5.0 (X11; Linux x86_64) AppleWebKit/537.36 (KHTML, like Gecko) Chrome/70.0.3538.77 Safari/537.36"
::1 - - [02/Nov/2018:11:27:55 +0530] "POST /mailApi.py HTTP/1.1" 500 801 "-" "Mozilla/5.0 (X11; Linux x86_64) AppleWebKit/537.36 (KHTML, like Gecko) Chrome/70.0.3538.77 Safari/537.36"
::1 - - [02/Nov/2018:11:28:08 +0530] "POST /mailApi.py HTTP/1.1" 200 331 "-" "Mozilla/5.0 (X11; Linux x86_64) AppleWebKit/537.36 (KHTML, like Gecko) Chrome/70.0.3538.77 Safari/537.36"
::1 - - [02/Nov/2018:11:29:58 +0530] "POST /mailApi.py HTTP/1.1" 200 331 "-" "Mozilla/5.0 (X11; Linux x86_64) AppleWebKit/537.36 (KHTML, like Gecko) Chrome/70.0.3538.77 Safari/537.36"
::1 - - [02/Nov/2018:11:30:21 +0530] "POST /mailApi.py HTTP/1.1" 200 365 "-" "Mozilla/5.0 (X11; Linux x86_64) AppleWebKit/537.36 (KHTML, like Gecko) Chrome/70.0.3538.77 Safari/537.36"
::1 - - [02/Nov/2018:11:30:38 +0530] "POST /mailApi.py HTTP/1.1" 200 363 "-" "Mozilla/5.0 (X11; Linux x86_64) AppleWebKit/537.36 (KHTML, like Gecko) Chrome/70.0.3538.77 Safari/537.36"
::1 - - [02/Nov/2018:11:31:06 +0530] "POST /mailApi.py HTTP/1.1" 200 387 "-" "Mozilla/5.0 (X11; Linux x86_64) AppleWebKit/537.36 (KHTML, like Gecko) Chrome/70.0.3538.77 Safari/537.36"
::1 - - [02/Nov/2018:11:31:36 +0530] "POST /mailApi.py HTTP/1.1" 200 374 "-" "Mozilla/5.0 (X11; Linux x86_64) AppleWebKit/537.36 (KHTML, like Gecko) Chrome/70.0.3538.77 Safari/537.36"
::1 - - [02/Nov/2018:11:33:20 +0530] "POST /mailApi.py HTTP/1.1" 200 374 "-" "Mozilla/5.0 (X11; Linux x86_64) AppleWebKit/537.36 (KHTML, like Gecko) Chrome/70.0.3538.77 Safari/537.36"
::1 - - [02/Nov/2018:11:38:00 +0530] "POST /mailApi.py HTTP/1.1" 200 331 "-" "Mozilla/5.0 (X11; Linux x86_64) AppleWebKit/537.36 (KHTML, like Gecko) Chrome/70.0.3538.77 Safari/537.36"
::1 - - [02/Nov/2018:11:38:28 +0530] "POST /mailApi.py HTTP/1.1" 200 331 "-" "Mozilla/5.0 (X11; Linux x86_64) AppleWebKit/537.36 (KHTML, like Gecko) Chrome/70.0.3538.77 Safari/537.36"
::1 - - [02/Nov/2018:11:54:30 +0530] "POST /mailApi.py HTTP/1.1" 500 801 "-" "Mozilla/5.0 (X11; Linux x86_64) AppleWebKit/537.36 (KHTML, like Gecko) Chrome/70.0.3538.77 Safari/537.36"
::1 - - [02/Nov/2018:11:54:52 +0530] "POST /mailApi.py HTTP/1.1" 500 801 "-" "Mozilla/5.0 (X11; Linux x86_64) AppleWebKit/537.36 (KHTML, like Gecko) Chrome/70.0.3538.77 Safari/537.36"
::1 - - [02/Nov/2018:11:55:09 +0530] "POST /mailApi.py HTTP/1.1" 500 801 "-" "Mozilla/5.0 (X11; Linux x86_64) AppleWebKit/537.36 (KHTML, like Gecko) Chrome/70.0.3538.77 Safari/537.36"
::1 - - [02/Nov/2018:11:55:38 +0530] "POST /mailApi.py HTTP/1.1" 500 801 "-" "Mozilla/5.0 (X11; Linux x86_64) AppleWebKit/537.36 (KHTML, like Gecko) Chrome/70.0.3538.77 Safari/537.36"
::1 - - [02/Nov/2018:11:55:53 +0530] "POST /mailApi.py HTTP/1.1" 500 801 "-" "Mozilla/5.0 (X11; Linux x86_64) AppleWebKit/537.36 (KHTML, like Gecko) Chrome/70.0.3538.77 Safari/537.36"
::1 - - [02/Nov/2018:11:56:05 +0530] "POST /mailApi.py HTTP/1.1" 500 801 "-" "Mozilla/5.0 (X11; Linux x86_64) AppleWebKit/537.36 (KHTML, like Gecko) Chrome/70.0.3538.77 Safari/537.36"
::1 - - [02/Nov/2018:11:57:20 +0530] "POST /mailApi.py HTTP/1.1" 500 801 "-" "Mozilla/5.0 (X11; Linux x86_64) AppleWebKit/537.36 (KHTML, like Gecko) Chrome/70.0.3538.77 Safari/537.36"
::1 - - [02/Nov/2018:11:59:17 +0530] "POST /mailApi.py HTTP/1.1" 200 419 "-" "Mozilla/5.0 (X11; Linux x86_64) AppleWebKit/537.36 (KHTML, like Gecko) Chrome/70.0.3538.77 Safari/537.36"
::1 - - [02/Nov/2018:11:59:55 +0530] "POST /mailApi.py HTTP/1.1" 200 365 "-" "Mozilla/5.0 (X11; Linux x86_64) AppleWebKit/537.36 (KHTML, like Gecko) Chrome/70.0.3538.77 Safari/537.36"
::1 - - [02/Nov/2018:12:00:16 +0530] "POST /mailApi.py HTTP/1.1" 200 387 "-" "Mozilla/5.0 (X11; Linux x86_64) AppleWebKit/537.36 (KHTML, like Gecko) Chrome/70.0.3538.77 Safari/537.36"
::1 - - [02/Nov/2018:12:02:20 +0530] "POST /mailApi.py HTTP/1.1" 200 419 "-" "Mozilla/5.0 (X11; Linux x86_64) AppleWebKit/537.36 (KHTML, like Gecko) Chrome/70.0.3538.77 Safari/537.36"
::1 - - [02/Nov/2018:12:03:03 +0530] "POST /mailApi.py HTTP/1.1" 200 374 "-" "Mozilla/5.0 (X11; Linux x86_64) AppleWebKit/537.36 (KHTML, like Gecko) Chrome/70.0.3538.77 Safari/537.36"
::1 - - [02/Nov/2018:12:05:52 +0530] "POST /mailApi.py HTTP/1.1" 200 374 "-" "Mozilla/5.0 (X11; Linux x86_64) AppleWebKit/537.36 (KHTML, like Gecko) Chrome/70.0.3538.77 Safari/537.36"
::1 - - [02/Nov/2018:12:07:49 +0530] "POST /mailApi.py HTTP/1.1" 200 374 "-" "Mozilla/5.0 (X11; Linux x86_64) AppleWebKit/537.36 (KHTML, like Gecko) Chrome/70.0.3538.77 Safari/537.36"
::1 - - [02/Nov/2018:12:08:05 +0530] "POST /mailApi.py HTTP/1.1" 500 801 "-" "Mozilla/5.0 (X11; Linux x86_64) AppleWebKit/537.36 (KHTML, like Gecko) Chrome/70.0.3538.77 Safari/537.36"
::1 - - [02/Nov/2018:12:09:40 +0530] "POST /mailApi.py HTTP/1.1" 500 801 "-" "Mozilla/5.0 (X11; Linux x86_64) AppleWebKit/537.36 (KHTML, like Gecko) Chrome/70.0.3538.77 Safari/537.36"
::1 - - [02/Nov/2018:12:10:48 +0530] "POST /mailApi.py HTTP/1.1" 500 801 "-" "Mozilla/5.0 (X11; Linux x86_64) AppleWebKit/537.36 (KHTML, like Gecko) Chrome/70.0.3538.77 Safari/537.36"
::1 - - [02/Nov/2018:12:11:00 +0530] "POST /mailApi.py HTTP/1.1" 500 801 "-" "Mozilla/5.0 (X11; Linux x86_64) AppleWebKit/537.36 (KHTML, like Gecko) Chrome/70.0.3538.77 Safari/537.36"
::1 - - [02/Nov/2018:12:11:26 +0530] "POST /mailApi.py HTTP/1.1" 200 374 "-" "Mozilla/5.0 (X11; Linux x86_64) AppleWebKit/537.36 (KHTML, like Gecko) Chrome/70.0.3538.77 Safari/537.36"
::1 - - [02/Nov/2018:12:12:21 +0530] "POST /mailApi.py HTTP/1.1" 200 381 "-" "Mozilla/5.0 (X11; Linux x86_64) AppleWebKit/537.36 (KHTML, like Gecko) Chrome/70.0.3538.77 Safari/537.36"
::1 - - [02/Nov/2018:12:13:23 +0530] "POST /mailApi.py HTTP/1.1" 500 801 "-" "Mozilla/5.0 (X11; Linux x86_64) AppleWebKit/537.36 (KHTML, like Gecko) Chrome/70.0.3538.77 Safari/537.36"
::1 - - [02/Nov/2018:12:14:35 +0530] "POST /mailApi.py HTTP/1.1" 500 801 "-" "Mozilla/5.0 (X11; Linux x86_64) AppleWebKit/537.36 (KHTML, like Gecko) Chrome/70.0.3538.77 Safari/537.36"
::1 - - [02/Nov/2018:12:18:36 +0530] "POST /mailApi.py HTTP/1.1" 200 364 "-" "Mozilla/5.0 (X11; Linux x86_64) AppleWebKit/537.36 (KHTML, like Gecko) Chrome/70.0.3538.77 Safari/537.36"
::1 - - [02/Nov/2018:12:18:43 +0530] "POST /mailApi.py HTTP/1.1" 200 360 "-" "Mozilla/5.0 (X11; Linux x86_64) AppleWebKit/537.36 (KHTML, like Gecko) Chrome/70.0.3538.77 Safari/537.36"
::1 - - [02/Nov/2018:12:19:07 +0530] "POST /mailApi.py HTTP/1.1" 200 364 "-" "Mozilla/5.0 (X11; Linux x86_64) AppleWebKit/537.36 (KHTML, like Gecko) Chrome/70.0.3538.77 Safari/537.36"
::1 - - [02/Nov/2018:12:20:24 +0530] "POST /mailApi.py HTTP/1.1" 200 236 "-" "Mozilla/5.0 (X11; Linux x86_64) AppleWebKit/537.36 (KHTML, like Gecko) Chrome/70.0.3538.77 Safari/537.36"
::1 - - [02/Nov/2018:12:21:00 +0530] "POST /mailApi.py HTTP/1.1" 200 367 "-" "Mozilla/5.0 (X11; Linux x86_64) AppleWebKit/537.36 (KHTML, like Gecko) Chrome/70.0.3538.77 Safari/537.36"
::1 - - [02/Nov/2018:12:21:28 +0530] "POST /mailApi.py HTTP/1.1" 200 361 "-" "Mozilla/5.0 (X11; Linux x86_64) AppleWebKit/537.36 (KHTML, like Gecko) Chrome/70.0.3538.77 Safari/537.36"
::1 - - [02/Nov/2018:12:21:45 +0530] "POST /mailApi.py HTTP/1.1" 200 360 "-" "Mozilla/5.0 (X11; Linux x86_64) AppleWebKit/537.36 (KHTML, like Gecko) Chrome/70.0.3538.77 Safari/537.36"
::1 - - [02/Nov/2018:12:22:32 +0530] "POST /mailApi.py HTTP/1.1" 200 360 "-" "Mozilla/5.0 (X11; Linux x86_64) AppleWebKit/537.36 (KHTML, like Gecko) Chrome/70.0.3538.77 Safari/537.36"
::1 - - [02/Nov/2018:12:22:41 +0530] "POST /mailApi.py HTTP/1.1" 200 338 "-" "Mozilla/5.0 (X11; Linux x86_64) AppleWebKit/537.36 (KHTML, like Gecko) Chrome/70.0.3538.77 Safari/537.36"
::1 - - [02/Nov/2018:12:23:22 +0530] "POST /mailApi.py HTTP/1.1" 200 364 "-" "Mozilla/5.0 (X11; Linux x86_64) AppleWebKit/537.36 (KHTML, like Gecko) Chrome/70.0.3538.77 Safari/537.36"
::1 - - [02/Nov/2018:12:23:31 +0530] "POST /mailApi.py HTTP/1.1" 200 379 "-" "Mozilla/5.0 (X11; Linux x86_64) AppleWebKit/537.36 (KHTML, like Gecko) Chrome/70.0.3538.77 Safari/537.36"
::1 - - [02/Nov/2018:12:23:41 +0530] "POST /mailApi.py HTTP/1.1" 200 360 "-" "Mozilla/5.0 (X11; Linux x86_64) AppleWebKit/537.36 (KHTML, like Gecko) Chrome/70.0.3538.77 Safari/537.36"
::1 - - [02/Nov/2018:12:25:01 +0530] "POST /mailApi.py HTTP/1.1" 500 801 "-" "Mozilla/5.0 (X11; Linux x86_64) AppleWebKit/537.36 (KHTML, like Gecko) Chrome/70.0.3538.77 Safari/537.36"
::1 - - [02/Nov/2018:12:25:35 +0530] "POST /mailApi.py HTTP/1.1" 200 357 "-" "Mozilla/5.0 (X11; Linux x86_64) AppleWebKit/537.36 (KHTML, like Gecko) Chrome/70.0.3538.77 Safari/537.36"
::1 - - [02/Nov/2018:12:25:55 +0530] "POST /mailApi.py HTTP/1.1" 200 362 "-" "Mozilla/5.0 (X11; Linux x86_64) AppleWebKit/537.36 (KHTML, like Gecko) Chrome/70.0.3538.77 Safari/537.36"
::1 - - [02/Nov/2018:12:26:16 +0530] "POST /mailApi.py HTTP/1.1" 500 801 "-" "Mozilla/5.0 (X11; Linux x86_64) AppleWebKit/537.36 (KHTML, like Gecko) Chrome/70.0.3538.77 Safari/537.36"
::1 - - [02/Nov/2018:12:26:23 +0530] "POST /mailApi.py HTTP/1.1" 500 801 "-" "Mozilla/5.0 (X11; Linux x86_64) AppleWebKit/537.36 (KHTML, like Gecko) Chrome/70.0.3538.77 Safari/537.36"
::1 - - [02/Nov/2018:12:26:50 +0530] "POST /mailApi.py HTTP/1.1" 200 362 "-" "Mozilla/5.0 (X11; Linux x86_64) AppleWebKit/537.36 (KHTML, like Gecko) Chrome/70.0.3538.77 Safari/537.36"
::1 - - [02/Nov/2018:12:26:57 +0530] "POST /mailApi.py HTTP/1.1" 500 801 "-" "Mozilla/5.0 (X11; Linux x86_64) AppleWebKit/537.36 (KHTML, like Gecko) Chrome/70.0.3538.77 Safari/537.36"
::1 - - [02/Nov/2018:12:27:29 +0530] "POST /mailApi.py HTTP/1.1" 200 389 "-" "Mozilla/5.0 (X11; Linux x86_64) AppleWebKit/537.36 (KHTML, like Gecko) Chrome/70.0.3538.77 Safari/537.36"
::1 - - [02/Nov/2018:12:29:08 +0530] "POST /mailApi.py HTTP/1.1" 200 357 "-" "Mozilla/5.0 (X11; Linux x86_64) AppleWebKit/537.36 (KHTML, like Gecko) Chrome/70.0.3538.77 Safari/537.36"
::1 - - [02/Nov/2018:12:30:47 +0530] "POST /mailApi.py HTTP/1.1" 200 389 "-" "Mozilla/5.0 (X11; Linux x86_64) AppleWebKit/537.36 (KHTML, like Gecko) Chrome/70.0.3538.77 Safari/537.36"
::1 - - [02/Nov/2018:12:33:02 +0530] "POST /mailApi.py HTTP/1.1" 500 801 "-" "Mozilla/5.0 (X11; Linux x86_64) AppleWebKit/537.36 (KHTML, like Gecko) Chrome/70.0.3538.77 Safari/537.36"
::1 - - [02/Nov/2018:12:33:27 +0530] "POST /mailApi.py HTTP/1.1" 500 801 "-" "Mozilla/5.0 (X11; Linux x86_64) AppleWebKit/537.36 (KHTML, like Gecko) Chrome/70.0.3538.77 Safari/537.36"
::1 - - [02/Nov/2018:12:34:10 +0530] "POST /mailApi.py HTTP/1.1" 200 362 "-" "Mozilla/5.0 (X11; Linux x86_64) AppleWebKit/537.36 (KHTML, like Gecko) Chrome/70.0.3538.77 Safari/537.36"
::1 - - [02/Nov/2018:12:34:16 +0530] "POST /mailApi.py HTTP/1.1" 200 357 "-" "Mozilla/5.0 (X11; Linux x86_64) AppleWebKit/537.36 (KHTML, like Gecko) Chrome/70.0.3538.77 Safari/537.36"
::1 - - [02/Nov/2018:12:34:43 +0530] "POST /mailApi.py HTTP/1.1" 500 801 "-" "Mozilla/5.0 (X11; Linux x86_64) AppleWebKit/537.36 (KHTML, like Gecko) Chrome/70.0.3538.77 Safari/537.36"
::1 - - [02/Nov/2018:12:35:03 +0530] "POST /mailApi.py HTTP/1.1" 500 801 "-" "Mozilla/5.0 (X11; Linux x86_64) AppleWebKit/537.36 (KHTML, like Gecko) Chrome/70.0.3538.77 Safari/537.36"
::1 - - [02/Nov/2018:12:35:57 +0530] "POST /mailApi.py HTTP/1.1" 500 801 "-" "Mozilla/5.0 (X11; Linux x86_64) AppleWebKit/537.36 (KHTML, like Gecko) Chrome/70.0.3538.77 Safari/537.36"
::1 - - [02/Nov/2018:12:36:06 +0530] "POST /mailApi.py HTTP/1.1" 500 801 "-" "Mozilla/5.0 (X11; Linux x86_64) AppleWebKit/537.36 (KHTML, like Gecko) Chrome/70.0.3538.77 Safari/537.36"
::1 - - [02/Nov/2018:12:36:48 +0530] "POST /mailApi.py HTTP/1.1" 500 801 "-" "Mozilla/5.0 (X11; Linux x86_64) AppleWebKit/537.36 (KHTML, like Gecko) Chrome/70.0.3538.77 Safari/537.36"
::1 - - [02/Nov/2018:12:36:55 +0530] "POST /mailApi.py HTTP/1.1" 500 801 "-" "Mozilla/5.0 (X11; Linux x86_64) AppleWebKit/537.36 (KHTML, like Gecko) Chrome/70.0.3538.77 Safari/537.36"
::1 - - [02/Nov/2018:12:41:29 +0530] "POST /mailApi.py HTTP/1.1" 200 331 "-" "Mozilla/5.0 (X11; Linux x86_64) AppleWebKit/537.36 (KHTML, like Gecko) Chrome/70.0.3538.77 Safari/537.36"
::1 - - [02/Nov/2018:12:42:32 +0530] "POST /mailApi.py HTTP/1.1" 500 801 "-" "Mozilla/5.0 (X11; Linux x86_64) AppleWebKit/537.36 (KHTML, like Gecko) Chrome/70.0.3538.77 Safari/537.36"
::1 - - [02/Nov/2018:12:43:04 +0530] "POST /mailApi.py HTTP/1.1" 500 801 "-" "Mozilla/5.0 (X11; Linux x86_64) AppleWebKit/537.36 (KHTML, like Gecko) Chrome/70.0.3538.77 Safari/537.36"
::1 - - [02/Nov/2018:12:43:39 +0530] "POST /mailApi.py HTTP/1.1" 200 331 "-" "Mozilla/5.0 (X11; Linux x86_64) AppleWebKit/537.36 (KHTML, like Gecko) Chrome/70.0.3538.77 Safari/537.36"
::1 - - [02/Nov/2018:12:44:21 +0530] "POST /mailApi.py HTTP/1.1" 200 331 "-" "Mozilla/5.0 (X11; Linux x86_64) AppleWebKit/537.36 (KHTML, like Gecko) Chrome/70.0.3538.77 Safari/537.36"
::1 - - [02/Nov/2018:12:45:01 +0530] "POST /mailApi.py HTTP/1.1" 200 331 "-" "Mozilla/5.0 (X11; Linux x86_64) AppleWebKit/537.36 (KHTML, like Gecko) Chrome/70.0.3538.77 Safari/537.36"
